1 symtablelist.c:50 0x4a40049 16
1 symtablelist.c:103 0x4a40329 24
1 symtablelist.c:108 0x4a40399 6
1 symtablelist.c:103 0x4a403e9 24
1 symtablelist.c:108 0x4a40459 7
1 symtablelist.c:103 0x4a404b9 24
1 symtablelist.c:108 0x4a40529 7
1 symtablelist.c:103 0x4a40589 24
1 symtablelist.c:108 0x4a405f9 5
4 symtablelist.c:73 0x4a405f9 5
4 symtablelist.c:74 0x4a40589 24
4 symtablelist.c:73 0x4a40529 7
4 symtablelist.c:74 0x4a404b9 24
4 symtablelist.c:73 0x4a40459 7
4 symtablelist.c:74 0x4a403e9 24
4 symtablelist.c:73 0x4a40399 6
4 symtablelist.c:74 0x4a40329 24
4 symtablelist.c:77 0x4a40049 16
1 symtablelist.c:50 0x4a40649 16
1 symtablelist.c:103 0x4a406a9 24
1 symtablelist.c:108 0x4a40719 6
4 symtablelist.c:73 0x4a40719 6
4 symtablelist.c:74 0x4a406a9 24
4 symtablelist.c:77 0x4a40649 16
1 symtablelist.c:50 0x4a40769 16
1 symtablelist.c:103 0x4a407c9 24
1 symtablelist.c:108 0x4a40839 7
4 symtablelist.c:73 0x4a40839 7
4 symtablelist.c:74 0x4a407c9 24
4 symtablelist.c:77 0x4a40769 16
1 symtablelist.c:50 0x4a40899 16
1 symtablelist.c:103 0x4a408f9 24
1 symtablelist.c:108 0x4a40969 6
1 symtablelist.c:103 0x4a409b9 24
1 symtablelist.c:108 0x4a40a29 7
1 symtablelist.c:103 0x4a40a89 24
1 symtablelist.c:108 0x4a40af9 7
1 symtablelist.c:103 0x4a40b59 24
1 symtablelist.c:108 0x4a40bc9 5
4 symtablelist.c:233 0x4a40969 6
4 symtablelist.c:234 0x4a408f9 24
4 symtablelist.c:233 0x4a40bc9 5
4 symtablelist.c:234 0x4a40b59 24
4 symtablelist.c:73 0x4a40af9 7
4 symtablelist.c:74 0x4a40a89 24
4 symtablelist.c:73 0x4a40a29 7
4 symtablelist.c:74 0x4a409b9 24
4 symtablelist.c:77 0x4a40899 16
1 symtablelist.c:50 0x4a40c19 16
1 symtablelist.c:103 0x4a40c79 24
1 symtablelist.c:108 0x4a40ce9 6
1 symtablelist.c:103 0x4a40d39 24
1 symtablelist.c:108 0x4a40da9 7
1 symtablelist.c:103 0x4a40e09 24
1 symtablelist.c:108 0x4a40e79 7
1 symtablelist.c:103 0x4a40ed9 24
1 symtablelist.c:108 0x4a40f49 5
4 symtablelist.c:73 0x4a40f49 5
4 symtablelist.c:74 0x4a40ed9 24
4 symtablelist.c:73 0x4a40e79 7
4 symtablelist.c:74 0x4a40e09 24
4 symtablelist.c:73 0x4a40da9 7
4 symtablelist.c:74 0x4a40d39 24
4 symtablelist.c:73 0x4a40ce9 6
4 symtablelist.c:74 0x4a40c79 24
4 symtablelist.c:77 0x4a40c19 16
1 symtablelist.c:50 0x4a40f99 16
4 symtablelist.c:77 0x4a40f99 16
1 symtablelist.c:50 0x4a40ff9 16
1 symtablelist.c:103 0x4a41059 24
1 symtablelist.c:108 0x4a410c9 1
4 symtablelist.c:233 0x4a410c9 1
4 symtablelist.c:234 0x4a41059 24
4 symtablelist.c:77 0x4a40ff9 16
1 symtablelist.c:50 0x4a41119 16
1 symtablelist.c:103 0x4a41179 24
1 symtablelist.c:108 0x4a411e9 6
4 symtablelist.c:233 0x4a411e9 6
4 symtablelist.c:234 0x4a41179 24
1 symtablelist.c:103 0x4a41239 24
1 symtablelist.c:108 0x4a412a9 7
4 symtablelist.c:233 0x4a412a9 7
4 symtablelist.c:234 0x4a41239 24
4 symtablelist.c:77 0x4a41119 16
1 symtablelist.c:50 0x4a41309 16
1 symtablelist.c:103 0x4a41369 24
1 symtablelist.c:108 0x4a413d9 1000
1 symtablelist.c:103 0x4a41819 24
1 symtablelist.c:108 0x4a41889 1000
4 symtablelist.c:233 0x4a41889 1000
4 symtablelist.c:234 0x4a41819 24
4 symtablelist.c:233 0x4a413d9 1000
4 symtablelist.c:234 0x4a41369 24
4 symtablelist.c:77 0x4a41309 16
1 symtablelist.c:50 0x4a41cc9 16
1 symtablelist.c:103 0x4a41d29 24
1 symtablelist.c:108 0x4a41d99 6
1 symtablelist.c:50 0x4a41de9 16
1 symtablelist.c:103 0x4a41e49 24
1 symtablelist.c:108 0x4a41eb9 7
1 symtablelist.c:50 0x4a41f19 16
1 symtablelist.c:103 0x4a41f79 24
1 symtablelist.c:108 0x4a41fe9 12
1 symtablelist.c:103 0x4a42049 24
1 symtablelist.c:108 0x4a420b9 13
4 symtablelist.c:73 0x4a41eb9 7
4 symtablelist.c:74 0x4a41e49 24
4 symtablelist.c:77 0x4a41de9 16
4 symtablelist.c:73 0x4a41d99 6
4 symtablelist.c:74 0x4a41d29 24
4 symtablelist.c:77 0x4a41cc9 16
4 symtablelist.c:73 0x4a420b9 13
4 symtablelist.c:74 0x4a42049 24
4 symtablelist.c:73 0x4a41fe9 12
4 symtablelist.c:74 0x4a41f79 24
4 symtablelist.c:77 0x4a41f19 16
1 symtablelist.c:50 0x4a42119 16
1 symtablelist.c:103 0x4a42179 24
1 symtablelist.c:108 0x4a421e9 4
1 symtablelist.c:103 0x4a42239 24
1 symtablelist.c:108 0x4a422a9 4
1 symtablelist.c:103 0x4a422f9 24
1 symtablelist.c:108 0x4a42369 5
1 symtablelist.c:103 0x4a423b9 24
1 symtablelist.c:108 0x4a42429 5
1 symtablelist.c:103 0x4a42479 24
1 symtablelist.c:108 0x4a424e9 5
4 symtablelist.c:233 0x4a42369 5
4 symtablelist.c:234 0x4a422f9 24
4 symtablelist.c:233 0x4a424e9 5
4 symtablelist.c:234 0x4a42479 24
4 symtablelist.c:233 0x4a421e9 4
4 symtablelist.c:234 0x4a42179 24
4 symtablelist.c:73 0x4a42429 5
4 symtablelist.c:74 0x4a423b9 24
4 symtablelist.c:73 0x4a422a9 4
4 symtablelist.c:74 0x4a42239 24
4 symtablelist.c:77 0x4a42119 16
1 symtablelist.c:50 0x4a42539 16
1 symtablelist.c:103 0x4a42599 24
1 symtablelist.c:108 0x4a42609 4
1 symtablelist.c:103 0x4a42659 24
1 symtablelist.c:108 0x4a426c9 4
1 symtablelist.c:50 0x4a42719 16
1 testsymtable.c:797 0x4a42779 2
1 symtablelist.c:103 0x4a427c9 24
1 symtablelist.c:108 0x4a42839 2
1 testsymtable.c:797 0x4a42889 2
1 symtablelist.c:103 0x4a428d9 24
1 symtablelist.c:108 0x4a42949 2
1 testsymtable.c:797 0x4a42999 2
1 symtablelist.c:103 0x4a429e9 24
1 symtablelist.c:108 0x4a42a59 2
1 testsymtable.c:797 0x4a42aa9 2
1 symtablelist.c:103 0x4a42af9 24
1 symtablelist.c:108 0x4a42b69 2
1 testsymtable.c:797 0x4a42bb9 2
1 symtablelist.c:103 0x4a42c09 24
1 symtablelist.c:108 0x4a42c79 2
1 testsymtable.c:797 0x4a42cc9 2
1 symtablelist.c:103 0x4a42d19 24
1 symtablelist.c:108 0x4a42d89 2
1 testsymtable.c:797 0x4a42dd9 2
1 symtablelist.c:103 0x4a42e29 24
1 symtablelist.c:108 0x4a42e99 2
1 testsymtable.c:797 0x4a42ee9 2
1 symtablelist.c:103 0x4a42f39 24
1 symtablelist.c:108 0x4a42fa9 2
1 testsymtable.c:797 0x4a42ff9 2
1 symtablelist.c:103 0x4a43049 24
1 symtablelist.c:108 0x4a430b9 2
1 testsymtable.c:797 0x4a43109 2
1 symtablelist.c:103 0x4a43159 24
1 symtablelist.c:108 0x4a431c9 2
1 testsymtable.c:797 0x4a43219 3
1 symtablelist.c:103 0x4a43269 24
1 symtablelist.c:108 0x4a432d9 3
1 testsymtable.c:797 0x4a43329 3
1 symtablelist.c:103 0x4a43379 24
1 symtablelist.c:108 0x4a433e9 3
1 testsymtable.c:797 0x4a43439 3
1 symtablelist.c:103 0x4a43489 24
1 symtablelist.c:108 0x4a434f9 3
1 testsymtable.c:797 0x4a43549 3
1 symtablelist.c:103 0x4a43599 24
1 symtablelist.c:108 0x4a43609 3
1 testsymtable.c:797 0x4a43659 3
1 symtablelist.c:103 0x4a436a9 24
1 symtablelist.c:108 0x4a43719 3
1 testsymtable.c:797 0x4a43769 3
1 symtablelist.c:103 0x4a437b9 24
1 symtablelist.c:108 0x4a43829 3
1 testsymtable.c:797 0x4a43879 3
1 symtablelist.c:103 0x4a438c9 24
1 symtablelist.c:108 0x4a43939 3
1 testsymtable.c:797 0x4a43989 3
1 symtablelist.c:103 0x4a439d9 24
1 symtablelist.c:108 0x4a43a49 3
1 testsymtable.c:797 0x4a43a99 3
1 symtablelist.c:103 0x4a43ae9 24
1 symtablelist.c:108 0x4a43b59 3
1 testsymtable.c:797 0x4a43ba9 3
1 symtablelist.c:103 0x4a43bf9 24
1 symtablelist.c:108 0x4a43c69 3
1 testsymtable.c:797 0x4a43cb9 3
1 symtablelist.c:103 0x4a43d09 24
1 symtablelist.c:108 0x4a43d79 3
1 testsymtable.c:797 0x4a43dc9 3
1 symtablelist.c:103 0x4a43e19 24
1 symtablelist.c:108 0x4a43e89 3
1 testsymtable.c:797 0x4a43ed9 3
1 symtablelist.c:103 0x4a43f29 24
1 symtablelist.c:108 0x4a43f99 3
1 testsymtable.c:797 0x4a43fe9 3
1 symtablelist.c:103 0x4a44039 24
1 symtablelist.c:108 0x4a440a9 3
1 testsymtable.c:797 0x4a440f9 3
1 symtablelist.c:103 0x4a44149 24
1 symtablelist.c:108 0x4a441b9 3
1 testsymtable.c:797 0x4a44209 3
1 symtablelist.c:103 0x4a44259 24
1 symtablelist.c:108 0x4a442c9 3
1 testsymtable.c:797 0x4a44319 3
1 symtablelist.c:103 0x4a44369 24
1 symtablelist.c:108 0x4a443d9 3
1 testsymtable.c:797 0x4a44429 3
1 symtablelist.c:103 0x4a44479 24
1 symtablelist.c:108 0x4a444e9 3
1 testsymtable.c:797 0x4a44539 3
1 symtablelist.c:103 0x4a44589 24
1 symtablelist.c:108 0x4a445f9 3
1 testsymtable.c:797 0x4a44649 3
1 symtablelist.c:103 0x4a44699 24
1 symtablelist.c:108 0x4a44709 3
1 testsymtable.c:797 0x4a44759 3
1 symtablelist.c:103 0x4a447a9 24
1 symtablelist.c:108 0x4a44819 3
1 testsymtable.c:797 0x4a44869 3
1 symtablelist.c:103 0x4a448b9 24
1 symtablelist.c:108 0x4a44929 3
1 testsymtable.c:797 0x4a44979 3
1 symtablelist.c:103 0x4a449c9 24
1 symtablelist.c:108 0x4a44a39 3
1 testsymtable.c:797 0x4a44a89 3
1 symtablelist.c:103 0x4a44ad9 24
1 symtablelist.c:108 0x4a44b49 3
1 testsymtable.c:797 0x4a44b99 3
1 symtablelist.c:103 0x4a44be9 24
1 symtablelist.c:108 0x4a44c59 3
1 testsymtable.c:797 0x4a44ca9 3
1 symtablelist.c:103 0x4a44cf9 24
1 symtablelist.c:108 0x4a44d69 3
1 testsymtable.c:797 0x4a44db9 3
1 symtablelist.c:103 0x4a44e09 24
1 symtablelist.c:108 0x4a44e79 3
1 testsymtable.c:797 0x4a44ec9 3
1 symtablelist.c:103 0x4a44f19 24
1 symtablelist.c:108 0x4a44f89 3
1 testsymtable.c:797 0x4a44fd9 3
1 symtablelist.c:103 0x4a45029 24
1 symtablelist.c:108 0x4a45099 3
1 testsymtable.c:797 0x4a450e9 3
1 symtablelist.c:103 0x4a45139 24
1 symtablelist.c:108 0x4a451a9 3
1 testsymtable.c:797 0x4a451f9 3
1 symtablelist.c:103 0x4a45249 24
1 symtablelist.c:108 0x4a452b9 3
1 testsymtable.c:797 0x4a45309 3
1 symtablelist.c:103 0x4a45359 24
1 symtablelist.c:108 0x4a453c9 3
1 testsymtable.c:797 0x4a45419 3
1 symtablelist.c:103 0x4a45469 24
1 symtablelist.c:108 0x4a454d9 3
1 testsymtable.c:797 0x4a45529 3
1 symtablelist.c:103 0x4a45579 24
1 symtablelist.c:108 0x4a455e9 3
1 testsymtable.c:797 0x4a45639 3
1 symtablelist.c:103 0x4a45689 24
1 symtablelist.c:108 0x4a456f9 3
1 testsymtable.c:797 0x4a45749 3
1 symtablelist.c:103 0x4a45799 24
1 symtablelist.c:108 0x4a45809 3
1 testsymtable.c:797 0x4a45859 3
1 symtablelist.c:103 0x4a458a9 24
1 symtablelist.c:108 0x4a45919 3
1 testsymtable.c:797 0x4a45969 3
1 symtablelist.c:103 0x4a459b9 24
1 symtablelist.c:108 0x4a45a29 3
1 testsymtable.c:797 0x4a45a79 3
1 symtablelist.c:103 0x4a45ac9 24
1 symtablelist.c:108 0x4a45b39 3
1 testsymtable.c:797 0x4a45b89 3
1 symtablelist.c:103 0x4a45bd9 24
1 symtablelist.c:108 0x4a45c49 3
1 testsymtable.c:797 0x4a45c99 3
1 symtablelist.c:103 0x4a45ce9 24
1 symtablelist.c:108 0x4a45d59 3
1 testsymtable.c:797 0x4a45da9 3
1 symtablelist.c:103 0x4a45df9 24
1 symtablelist.c:108 0x4a45e69 3
1 testsymtable.c:797 0x4a45eb9 3
1 symtablelist.c:103 0x4a45f09 24
1 symtablelist.c:108 0x4a45f79 3
1 testsymtable.c:797 0x4a45fc9 3
1 symtablelist.c:103 0x4a46019 24
1 symtablelist.c:108 0x4a46089 3
1 testsymtable.c:797 0x4a460d9 3
1 symtablelist.c:103 0x4a46129 24
1 symtablelist.c:108 0x4a46199 3
1 testsymtable.c:797 0x4a461e9 3
1 symtablelist.c:103 0x4a46239 24
1 symtablelist.c:108 0x4a462a9 3
1 testsymtable.c:797 0x4a462f9 3
1 symtablelist.c:103 0x4a46349 24
1 symtablelist.c:108 0x4a463b9 3
1 testsymtable.c:797 0x4a46409 3
1 symtablelist.c:103 0x4a46459 24
1 symtablelist.c:108 0x4a464c9 3
1 testsymtable.c:797 0x4a46519 3
1 symtablelist.c:103 0x4a46569 24
1 symtablelist.c:108 0x4a465d9 3
1 testsymtable.c:797 0x4a46629 3
1 symtablelist.c:103 0x4a46679 24
1 symtablelist.c:108 0x4a466e9 3
1 testsymtable.c:797 0x4a46739 3
1 symtablelist.c:103 0x4a46789 24
1 symtablelist.c:108 0x4a467f9 3
1 testsymtable.c:797 0x4a46849 3
1 symtablelist.c:103 0x4a46899 24
1 symtablelist.c:108 0x4a46909 3
1 testsymtable.c:797 0x4a46959 3
1 symtablelist.c:103 0x4a469a9 24
1 symtablelist.c:108 0x4a46a19 3
1 testsymtable.c:797 0x4a46a69 3
1 symtablelist.c:103 0x4a46ab9 24
1 symtablelist.c:108 0x4a46b29 3
1 testsymtable.c:797 0x4a46b79 3
1 symtablelist.c:103 0x4a46bc9 24
1 symtablelist.c:108 0x4a46c39 3
1 testsymtable.c:797 0x4a46c89 3
1 symtablelist.c:103 0x4a46cd9 24
1 symtablelist.c:108 0x4a46d49 3
1 testsymtable.c:797 0x4a46d99 3
1 symtablelist.c:103 0x4a46de9 24
1 symtablelist.c:108 0x4a46e59 3
1 testsymtable.c:797 0x4a46ea9 3
1 symtablelist.c:103 0x4a46ef9 24
1 symtablelist.c:108 0x4a46f69 3
1 testsymtable.c:797 0x4a46fb9 3
1 symtablelist.c:103 0x4a47009 24
1 symtablelist.c:108 0x4a47079 3
1 testsymtable.c:797 0x4a470c9 3
1 symtablelist.c:103 0x4a47119 24
1 symtablelist.c:108 0x4a47189 3
1 testsymtable.c:797 0x4a471d9 3
1 symtablelist.c:103 0x4a47229 24
1 symtablelist.c:108 0x4a47299 3
1 testsymtable.c:797 0x4a472e9 3
1 symtablelist.c:103 0x4a47339 24
1 symtablelist.c:108 0x4a473a9 3
1 testsymtable.c:797 0x4a473f9 3
1 symtablelist.c:103 0x4a47449 24
1 symtablelist.c:108 0x4a474b9 3
1 testsymtable.c:797 0x4a47509 3
1 symtablelist.c:103 0x4a47559 24
1 symtablelist.c:108 0x4a475c9 3
1 testsymtable.c:797 0x4a47619 3
1 symtablelist.c:103 0x4a47669 24
1 symtablelist.c:108 0x4a476d9 3
1 testsymtable.c:797 0x4a47729 3
1 symtablelist.c:103 0x4a47779 24
1 symtablelist.c:108 0x4a477e9 3
1 testsymtable.c:797 0x4a47839 3
1 symtablelist.c:103 0x4a47889 24
1 symtablelist.c:108 0x4a478f9 3
1 testsymtable.c:797 0x4a47949 3
1 symtablelist.c:103 0x4a47999 24
1 symtablelist.c:108 0x4a47a09 3
1 testsymtable.c:797 0x4a47a59 3
1 symtablelist.c:103 0x4a47aa9 24
1 symtablelist.c:108 0x4a47b19 3
1 testsymtable.c:797 0x4a47b69 3
1 symtablelist.c:103 0x4a47bb9 24
1 symtablelist.c:108 0x4a47c29 3
1 testsymtable.c:797 0x4a47c79 3
1 symtablelist.c:103 0x4a47cc9 24
1 symtablelist.c:108 0x4a47d39 3
1 testsymtable.c:797 0x4a47d89 3
1 symtablelist.c:103 0x4a47dd9 24
1 symtablelist.c:108 0x4a47e49 3
1 testsymtable.c:797 0x4a47e99 3
1 symtablelist.c:103 0x4a47ee9 24
1 symtablelist.c:108 0x4a47f59 3
1 testsymtable.c:797 0x4a47fa9 3
1 symtablelist.c:103 0x4a47ff9 24
1 symtablelist.c:108 0x4a48069 3
1 testsymtable.c:797 0x4a480b9 3
1 symtablelist.c:103 0x4a48109 24
1 symtablelist.c:108 0x4a48179 3
1 testsymtable.c:797 0x4a481c9 3
1 symtablelist.c:103 0x4a48219 24
1 symtablelist.c:108 0x4a48289 3
1 testsymtable.c:797 0x4a482d9 3
1 symtablelist.c:103 0x4a48329 24
1 symtablelist.c:108 0x4a48399 3
1 testsymtable.c:797 0x4a483e9 3
1 symtablelist.c:103 0x4a48439 24
1 symtablelist.c:108 0x4a484a9 3
4 symtablelist.c:233 0x4a42839 2
4 symtablelist.c:234 0x4a427c9 24
4 testsymtable.c:844 0x4a42779 2
4 symtablelist.c:233 0x4a484a9 3
4 symtablelist.c:234 0x4a48439 24
4 testsymtable.c:854 0x4a483e9 3
4 symtablelist.c:233 0x4a42949 2
4 symtablelist.c:234 0x4a428d9 24
4 testsymtable.c:844 0x4a42889 2
4 symtablelist.c:233 0x4a48399 3
4 symtablelist.c:234 0x4a48329 24
4 testsymtable.c:854 0x4a482d9 3
4 symtablelist.c:233 0x4a42a59 2
4 symtablelist.c:234 0x4a429e9 24
4 testsymtable.c:844 0x4a42999 2
4 symtablelist.c:233 0x4a48289 3
4 symtablelist.c:234 0x4a48219 24
4 testsymtable.c:854 0x4a481c9 3
4 symtablelist.c:233 0x4a42b69 2
4 symtablelist.c:234 0x4a42af9 24
4 testsymtable.c:844 0x4a42aa9 2
4 symtablelist.c:233 0x4a48179 3
4 symtablelist.c:234 0x4a48109 24
4 testsymtable.c:854 0x4a480b9 3
4 symtablelist.c:233 0x4a42c79 2
4 symtablelist.c:234 0x4a42c09 24
4 testsymtable.c:844 0x4a42bb9 2
4 symtablelist.c:233 0x4a48069 3
4 symtablelist.c:234 0x4a47ff9 24
4 testsymtable.c:854 0x4a47fa9 3
4 symtablelist.c:233 0x4a42d89 2
4 symtablelist.c:234 0x4a42d19 24
4 testsymtable.c:844 0x4a42cc9 2
4 symtablelist.c:233 0x4a47f59 3
4 symtablelist.c:234 0x4a47ee9 24
4 testsymtable.c:854 0x4a47e99 3
4 symtablelist.c:233 0x4a42e99 2
4 symtablelist.c:234 0x4a42e29 24
4 testsymtable.c:844 0x4a42dd9 2
4 symtablelist.c:233 0x4a47e49 3
4 symtablelist.c:234 0x4a47dd9 24
4 testsymtable.c:854 0x4a47d89 3
4 symtablelist.c:233 0x4a42fa9 2
4 symtablelist.c:234 0x4a42f39 24
4 testsymtable.c:844 0x4a42ee9 2
4 symtablelist.c:233 0x4a47d39 3
4 symtablelist.c:234 0x4a47cc9 24
4 testsymtable.c:854 0x4a47c79 3
4 symtablelist.c:233 0x4a430b9 2
4 symtablelist.c:234 0x4a43049 24
4 testsymtable.c:844 0x4a42ff9 2
4 symtablelist.c:233 0x4a47c29 3
4 symtablelist.c:234 0x4a47bb9 24
4 testsymtable.c:854 0x4a47b69 3
4 symtablelist.c:233 0x4a431c9 2
4 symtablelist.c:234 0x4a43159 24
4 testsymtable.c:844 0x4a43109 2
4 symtablelist.c:233 0x4a47b19 3
4 symtablelist.c:234 0x4a47aa9 24
4 testsymtable.c:854 0x4a47a59 3
4 symtablelist.c:233 0x4a432d9 3
4 symtablelist.c:234 0x4a43269 24
4 testsymtable.c:844 0x4a43219 3
4 symtablelist.c:233 0x4a47a09 3
4 symtablelist.c:234 0x4a47999 24
4 testsymtable.c:854 0x4a47949 3
4 symtablelist.c:233 0x4a433e9 3
4 symtablelist.c:234 0x4a43379 24
4 testsymtable.c:844 0x4a43329 3
4 symtablelist.c:233 0x4a478f9 3
4 symtablelist.c:234 0x4a47889 24
4 testsymtable.c:854 0x4a47839 3
4 symtablelist.c:233 0x4a434f9 3
4 symtablelist.c:234 0x4a43489 24
4 testsymtable.c:844 0x4a43439 3
4 symtablelist.c:233 0x4a477e9 3
4 symtablelist.c:234 0x4a47779 24
4 testsymtable.c:854 0x4a47729 3
4 symtablelist.c:233 0x4a43609 3
4 symtablelist.c:234 0x4a43599 24
4 testsymtable.c:844 0x4a43549 3
4 symtablelist.c:233 0x4a476d9 3
4 symtablelist.c:234 0x4a47669 24
4 testsymtable.c:854 0x4a47619 3
4 symtablelist.c:233 0x4a43719 3
4 symtablelist.c:234 0x4a436a9 24
4 testsymtable.c:844 0x4a43659 3
4 symtablelist.c:233 0x4a475c9 3
4 symtablelist.c:234 0x4a47559 24
4 testsymtable.c:854 0x4a47509 3
4 symtablelist.c:233 0x4a43829 3
4 symtablelist.c:234 0x4a437b9 24
4 testsymtable.c:844 0x4a43769 3
4 symtablelist.c:233 0x4a474b9 3
4 symtablelist.c:234 0x4a47449 24
4 testsymtable.c:854 0x4a473f9 3
4 symtablelist.c:233 0x4a43939 3
4 symtablelist.c:234 0x4a438c9 24
4 testsymtable.c:844 0x4a43879 3
4 symtablelist.c:233 0x4a473a9 3
4 symtablelist.c:234 0x4a47339 24
4 testsymtable.c:854 0x4a472e9 3
4 symtablelist.c:233 0x4a43a49 3
4 symtablelist.c:234 0x4a439d9 24
4 testsymtable.c:844 0x4a43989 3
4 symtablelist.c:233 0x4a47299 3
4 symtablelist.c:234 0x4a47229 24
4 testsymtable.c:854 0x4a471d9 3
4 symtablelist.c:233 0x4a43b59 3
4 symtablelist.c:234 0x4a43ae9 24
4 testsymtable.c:844 0x4a43a99 3
4 symtablelist.c:233 0x4a47189 3
4 symtablelist.c:234 0x4a47119 24
4 testsymtable.c:854 0x4a470c9 3
4 symtablelist.c:233 0x4a43c69 3
4 symtablelist.c:234 0x4a43bf9 24
4 testsymtable.c:844 0x4a43ba9 3
4 symtablelist.c:233 0x4a47079 3
4 symtablelist.c:234 0x4a47009 24
4 testsymtable.c:854 0x4a46fb9 3
4 symtablelist.c:233 0x4a43d79 3
4 symtablelist.c:234 0x4a43d09 24
4 testsymtable.c:844 0x4a43cb9 3
4 symtablelist.c:233 0x4a46f69 3
4 symtablelist.c:234 0x4a46ef9 24
4 testsymtable.c:854 0x4a46ea9 3
4 symtablelist.c:233 0x4a43e89 3
4 symtablelist.c:234 0x4a43e19 24
4 testsymtable.c:844 0x4a43dc9 3
4 symtablelist.c:233 0x4a46e59 3
4 symtablelist.c:234 0x4a46de9 24
4 testsymtable.c:854 0x4a46d99 3
4 symtablelist.c:233 0x4a43f99 3
4 symtablelist.c:234 0x4a43f29 24
4 testsymtable.c:844 0x4a43ed9 3
4 symtablelist.c:233 0x4a46d49 3
4 symtablelist.c:234 0x4a46cd9 24
4 testsymtable.c:854 0x4a46c89 3
4 symtablelist.c:233 0x4a440a9 3
4 symtablelist.c:234 0x4a44039 24
4 testsymtable.c:844 0x4a43fe9 3
4 symtablelist.c:233 0x4a46c39 3
4 symtablelist.c:234 0x4a46bc9 24
4 testsymtable.c:854 0x4a46b79 3
4 symtablelist.c:233 0x4a441b9 3
4 symtablelist.c:234 0x4a44149 24
4 testsymtable.c:844 0x4a440f9 3
4 symtablelist.c:233 0x4a46b29 3
4 symtablelist.c:234 0x4a46ab9 24
4 testsymtable.c:854 0x4a46a69 3
4 symtablelist.c:233 0x4a442c9 3
4 symtablelist.c:234 0x4a44259 24
4 testsymtable.c:844 0x4a44209 3
4 symtablelist.c:233 0x4a46a19 3
4 symtablelist.c:234 0x4a469a9 24
4 testsymtable.c:854 0x4a46959 3
4 symtablelist.c:233 0x4a443d9 3
4 symtablelist.c:234 0x4a44369 24
4 testsymtable.c:844 0x4a44319 3
4 symtablelist.c:233 0x4a46909 3
4 symtablelist.c:234 0x4a46899 24
4 testsymtable.c:854 0x4a46849 3
4 symtablelist.c:233 0x4a444e9 3
4 symtablelist.c:234 0x4a44479 24
4 testsymtable.c:844 0x4a44429 3
4 symtablelist.c:233 0x4a467f9 3
4 symtablelist.c:234 0x4a46789 24
4 testsymtable.c:854 0x4a46739 3
4 symtablelist.c:233 0x4a445f9 3
4 symtablelist.c:234 0x4a44589 24
4 testsymtable.c:844 0x4a44539 3
4 symtablelist.c:233 0x4a466e9 3
4 symtablelist.c:234 0x4a46679 24
4 testsymtable.c:854 0x4a46629 3
4 symtablelist.c:233 0x4a44709 3
4 symtablelist.c:234 0x4a44699 24
4 testsymtable.c:844 0x4a44649 3
4 symtablelist.c:233 0x4a465d9 3
4 symtablelist.c:234 0x4a46569 24
4 testsymtable.c:854 0x4a46519 3
4 symtablelist.c:233 0x4a44819 3
4 symtablelist.c:234 0x4a447a9 24
4 testsymtable.c:844 0x4a44759 3
4 symtablelist.c:233 0x4a464c9 3
4 symtablelist.c:234 0x4a46459 24
4 testsymtable.c:854 0x4a46409 3
4 symtablelist.c:233 0x4a44929 3
4 symtablelist.c:234 0x4a448b9 24
4 testsymtable.c:844 0x4a44869 3
4 symtablelist.c:233 0x4a463b9 3
4 symtablelist.c:234 0x4a46349 24
4 testsymtable.c:854 0x4a462f9 3
4 symtablelist.c:233 0x4a44a39 3
4 symtablelist.c:234 0x4a449c9 24
4 testsymtable.c:844 0x4a44979 3
4 symtablelist.c:233 0x4a462a9 3
4 symtablelist.c:234 0x4a46239 24
4 testsymtable.c:854 0x4a461e9 3
4 symtablelist.c:233 0x4a44b49 3
4 symtablelist.c:234 0x4a44ad9 24
4 testsymtable.c:844 0x4a44a89 3
4 symtablelist.c:233 0x4a46199 3
4 symtablelist.c:234 0x4a46129 24
4 testsymtable.c:854 0x4a460d9 3
4 symtablelist.c:233 0x4a44c59 3
4 symtablelist.c:234 0x4a44be9 24
4 testsymtable.c:844 0x4a44b99 3
4 symtablelist.c:233 0x4a46089 3
4 symtablelist.c:234 0x4a46019 24
4 testsymtable.c:854 0x4a45fc9 3
4 symtablelist.c:233 0x4a44d69 3
4 symtablelist.c:234 0x4a44cf9 24
4 testsymtable.c:844 0x4a44ca9 3
4 symtablelist.c:233 0x4a45f79 3
4 symtablelist.c:234 0x4a45f09 24
4 testsymtable.c:854 0x4a45eb9 3
4 symtablelist.c:233 0x4a44e79 3
4 symtablelist.c:234 0x4a44e09 24
4 testsymtable.c:844 0x4a44db9 3
4 symtablelist.c:233 0x4a45e69 3
4 symtablelist.c:234 0x4a45df9 24
4 testsymtable.c:854 0x4a45da9 3
4 symtablelist.c:233 0x4a44f89 3
4 symtablelist.c:234 0x4a44f19 24
4 testsymtable.c:844 0x4a44ec9 3
4 symtablelist.c:233 0x4a45d59 3
4 symtablelist.c:234 0x4a45ce9 24
4 testsymtable.c:854 0x4a45c99 3
4 symtablelist.c:233 0x4a45099 3
4 symtablelist.c:234 0x4a45029 24
4 testsymtable.c:844 0x4a44fd9 3
4 symtablelist.c:233 0x4a45c49 3
4 symtablelist.c:234 0x4a45bd9 24
4 testsymtable.c:854 0x4a45b89 3
4 symtablelist.c:233 0x4a451a9 3
4 symtablelist.c:234 0x4a45139 24
4 testsymtable.c:844 0x4a450e9 3
4 symtablelist.c:233 0x4a45b39 3
4 symtablelist.c:234 0x4a45ac9 24
4 testsymtable.c:854 0x4a45a79 3
4 symtablelist.c:233 0x4a452b9 3
4 symtablelist.c:234 0x4a45249 24
4 testsymtable.c:844 0x4a451f9 3
4 symtablelist.c:233 0x4a45a29 3
4 symtablelist.c:234 0x4a459b9 24
4 testsymtable.c:854 0x4a45969 3
4 symtablelist.c:233 0x4a453c9 3
4 symtablelist.c:234 0x4a45359 24
4 testsymtable.c:844 0x4a45309 3
4 symtablelist.c:233 0x4a45919 3
4 symtablelist.c:234 0x4a458a9 24
4 testsymtable.c:854 0x4a45859 3
4 symtablelist.c:233 0x4a454d9 3
4 symtablelist.c:234 0x4a45469 24
4 testsymtable.c:844 0x4a45419 3
4 symtablelist.c:233 0x4a45809 3
4 symtablelist.c:234 0x4a45799 24
4 testsymtable.c:854 0x4a45749 3
4 symtablelist.c:233 0x4a455e9 3
4 symtablelist.c:234 0x4a45579 24
4 testsymtable.c:844 0x4a45529 3
4 symtablelist.c:233 0x4a456f9 3
4 symtablelist.c:234 0x4a45689 24
4 testsymtable.c:854 0x4a45639 3
4 symtablelist.c:77 0x4a42719 16
4 symtablelist.c:73 0x4a426c9 4
4 symtablelist.c:74 0x4a42659 24
4 symtablelist.c:73 0x4a42609 4
4 symtablelist.c:74 0x4a42599 24
4 symtablelist.c:77 0x4a42539 16
