1 symtablelist.c:50 0x2f6f0019 16
1 symtablelist.c:103 0x2f6f0289 24
1 symtablelist.c:108 0x2f6f02b9 6
1 symtablelist.c:103 0x2f6f02d9 24
1 symtablelist.c:108 0x2f6f0309 7
1 symtablelist.c:103 0x2f6f0329 24
1 symtablelist.c:108 0x2f6f0359 7
1 symtablelist.c:103 0x2f6f0379 24
1 symtablelist.c:108 0x2f6f03a9 5
4 symtablelist.c:73 0x2f6f03a9 5
4 symtablelist.c:74 0x2f6f0379 24
4 symtablelist.c:73 0x2f6f0359 7
4 symtablelist.c:74 0x2f6f0329 24
4 symtablelist.c:73 0x2f6f0309 7
4 symtablelist.c:74 0x2f6f02d9 24
4 symtablelist.c:73 0x2f6f02b9 6
4 symtablelist.c:74 0x2f6f0289 24
4 symtablelist.c:77 0x2f6f0019 16
1 symtablelist.c:50 0x2f6f0019 16
1 symtablelist.c:103 0x2f6f0289 24
1 symtablelist.c:108 0x2f6f02b9 6
4 symtablelist.c:73 0x2f6f02b9 6
4 symtablelist.c:74 0x2f6f0289 24
4 symtablelist.c:77 0x2f6f0019 16
1 symtablelist.c:50 0x2f6f0019 16
1 symtablelist.c:103 0x2f6f0289 24
1 symtablelist.c:108 0x2f6f02b9 7
4 symtablelist.c:73 0x2f6f02b9 7
4 symtablelist.c:74 0x2f6f0289 24
4 symtablelist.c:77 0x2f6f0019 16
1 symtablelist.c:50 0x2f6f0019 16
1 symtablelist.c:103 0x2f6f0289 24
1 symtablelist.c:108 0x2f6f02b9 6
1 symtablelist.c:103 0x2f6f02d9 24
1 symtablelist.c:108 0x2f6f0309 7
1 symtablelist.c:103 0x2f6f0329 24
1 symtablelist.c:108 0x2f6f0359 7
1 symtablelist.c:103 0x2f6f0379 24
1 symtablelist.c:108 0x2f6f03a9 5
4 symtablelist.c:233 0x2f6f02b9 6
4 symtablelist.c:234 0x2f6f0289 24
4 symtablelist.c:233 0x2f6f03a9 5
4 symtablelist.c:234 0x2f6f0379 24
4 symtablelist.c:73 0x2f6f0359 7
4 symtablelist.c:74 0x2f6f0329 24
4 symtablelist.c:73 0x2f6f0309 7
4 symtablelist.c:74 0x2f6f02d9 24
4 symtablelist.c:77 0x2f6f0019 16
1 symtablelist.c:50 0x2f6f0019 16
1 symtablelist.c:103 0x2f6f02d9 24
1 symtablelist.c:108 0x2f6f0309 6
1 symtablelist.c:103 0x2f6f0329 24
1 symtablelist.c:108 0x2f6f0359 7
1 symtablelist.c:103 0x2f6f0379 24
1 symtablelist.c:108 0x2f6f03a9 7
1 symtablelist.c:103 0x2f6f0289 24
1 symtablelist.c:108 0x2f6f02b9 5
4 symtablelist.c:73 0x2f6f02b9 5
4 symtablelist.c:74 0x2f6f0289 24
4 symtablelist.c:73 0x2f6f03a9 7
4 symtablelist.c:74 0x2f6f0379 24
4 symtablelist.c:73 0x2f6f0359 7
4 symtablelist.c:74 0x2f6f0329 24
4 symtablelist.c:73 0x2f6f0309 6
4 symtablelist.c:74 0x2f6f02d9 24
4 symtablelist.c:77 0x2f6f0019 16
1 symtablelist.c:50 0x2f6f0019 16
4 symtablelist.c:77 0x2f6f0019 16
1 symtablelist.c:50 0x2f6f0019 16
1 symtablelist.c:103 0x2f6f02d9 24
1 symtablelist.c:108 0x2f6f0309 1
4 symtablelist.c:233 0x2f6f0309 1
4 symtablelist.c:234 0x2f6f02d9 24
4 symtablelist.c:77 0x2f6f0019 16
1 symtablelist.c:50 0x2f6f0019 16
1 symtablelist.c:103 0x2f6f02d9 24
1 symtablelist.c:108 0x2f6f0309 6
4 symtablelist.c:233 0x2f6f0309 6
4 symtablelist.c:234 0x2f6f02d9 24
1 symtablelist.c:103 0x2f6f02d9 24
1 symtablelist.c:108 0x2f6f0309 7
4 symtablelist.c:233 0x2f6f0309 7
4 symtablelist.c:234 0x2f6f02d9 24
4 symtablelist.c:77 0x2f6f0019 16
1 symtablelist.c:50 0x2f6f0019 16
1 symtablelist.c:103 0x2f6f02d9 24
1 symtablelist.c:108 0x2f6f0309 1000
1 symtablelist.c:103 0x2f6f0289 24
1 symtablelist.c:108 0x2f6f0709 1000
4 symtablelist.c:233 0x2f6f0709 1000
4 symtablelist.c:234 0x2f6f0289 24
4 symtablelist.c:233 0x2f6f0309 1000
4 symtablelist.c:234 0x2f6f02d9 24
4 symtablelist.c:77 0x2f6f0019 16
1 symtablelist.c:50 0x2f6f0019 16
1 symtablelist.c:103 0x2f6f02d9 24
1 symtablelist.c:108 0x2f6f0289 6
1 symtablelist.c:50 0x2f6f02a9 16
1 symtablelist.c:103 0x2f6f0309 24
1 symtablelist.c:108 0x2f6f0339 7
1 symtablelist.c:50 0x2f6f0359 16
1 symtablelist.c:103 0x2f6f0389 24
1 symtablelist.c:108 0x2f6f03b9 12
1 symtablelist.c:103 0x2f6f03d9 24
1 symtablelist.c:108 0x2f6f0409 13
4 symtablelist.c:73 0x2f6f0339 7
4 symtablelist.c:74 0x2f6f0309 24
4 symtablelist.c:77 0x2f6f02a9 16
4 symtablelist.c:73 0x2f6f0289 6
4 symtablelist.c:74 0x2f6f02d9 24
4 symtablelist.c:77 0x2f6f0019 16
4 symtablelist.c:73 0x2f6f0409 13
4 symtablelist.c:74 0x2f6f03d9 24
4 symtablelist.c:73 0x2f6f03b9 12
4 symtablelist.c:74 0x2f6f0389 24
4 symtablelist.c:77 0x2f6f0359 16
1 symtablelist.c:50 0x2f6f0359 16
1 symtablelist.c:103 0x2f6f0389 24
1 symtablelist.c:108 0x2f6f03b9 4
1 symtablelist.c:103 0x2f6f03d9 24
1 symtablelist.c:108 0x2f6f0409 4
1 symtablelist.c:103 0x2f6f0019 24
1 symtablelist.c:108 0x2f6f0289 5
1 symtablelist.c:103 0x2f6f02d9 24
1 symtablelist.c:108 0x2f6f0339 5
1 symtablelist.c:103 0x2f6f02a9 24
1 symtablelist.c:108 0x2f6f0429 5
4 symtablelist.c:233 0x2f6f0289 5
4 symtablelist.c:234 0x2f6f0019 24
4 symtablelist.c:233 0x2f6f0429 5
4 symtablelist.c:234 0x2f6f02a9 24
4 symtablelist.c:233 0x2f6f03b9 4
4 symtablelist.c:234 0x2f6f0389 24
4 symtablelist.c:73 0x2f6f0339 5
4 symtablelist.c:74 0x2f6f02d9 24
4 symtablelist.c:73 0x2f6f0409 4
4 symtablelist.c:74 0x2f6f03d9 24
4 symtablelist.c:77 0x2f6f0359 16
1 symtablelist.c:50 0x2f6f0359 16
1 symtablelist.c:103 0x2f6f03d9 24
1 symtablelist.c:108 0x2f6f0409 4
1 symtablelist.c:103 0x2f6f02d9 24
1 symtablelist.c:108 0x2f6f0339 4
1 symtablelist.c:50 0x2f6f0389 16
1 testsymtable.c:797 0x2f6f03b9 2
1 symtablelist.c:103 0x2f6f02a9 24
1 symtablelist.c:108 0x2f6f0429 2
1 testsymtable.c:797 0x2f6f0289 2
1 symtablelist.c:103 0x2f6f0019 24
1 symtablelist.c:108 0x2f6f0449 2
1 testsymtable.c:797 0x2f6f0469 2
1 symtablelist.c:103 0x2f6f0309 24
1 symtablelist.c:108 0x2f6f0489 2
1 testsymtable.c:797 0x2f6f04a9 2
1 symtablelist.c:103 0x2f6f04c9 24
1 symtablelist.c:108 0x2f6f04f9 2
1 testsymtable.c:797 0x2f6f0519 2
1 symtablelist.c:103 0x2f6f0539 24
1 symtablelist.c:108 0x2f6f0569 2
1 testsymtable.c:797 0x2f6f0589 2
1 symtablelist.c:103 0x2f6f05a9 24
1 symtablelist.c:108 0x2f6f05d9 2
1 testsymtable.c:797 0x2f6f05f9 2
1 symtablelist.c:103 0x2f6f0619 24
1 symtablelist.c:108 0x2f6f0649 2
1 testsymtable.c:797 0x2f6f0669 2
1 symtablelist.c:103 0x2f6f0689 24
1 symtablelist.c:108 0x2f6f06b9 2
1 testsymtable.c:797 0x2f6f06d9 2
1 symtablelist.c:103 0x2f6f06f9 24
1 symtablelist.c:108 0x2f6f0729 2
1 testsymtable.c:797 0x2f6f0749 2
1 symtablelist.c:103 0x2f6f0769 24
1 symtablelist.c:108 0x2f6f0799 2
1 testsymtable.c:797 0x2f6f07b9 3
1 symtablelist.c:103 0x2f6f07d9 24
1 symtablelist.c:108 0x2f6f0809 3
1 testsymtable.c:797 0x2f6f0829 3
1 symtablelist.c:103 0x2f6f0849 24
1 symtablelist.c:108 0x2f6f0879 3
1 testsymtable.c:797 0x2f6f0899 3
1 symtablelist.c:103 0x2f6f08b9 24
1 symtablelist.c:108 0x2f6f08e9 3
1 testsymtable.c:797 0x2f6f0909 3
1 symtablelist.c:103 0x2f6f0929 24
1 symtablelist.c:108 0x2f6f0959 3
1 testsymtable.c:797 0x2f6f0979 3
1 symtablelist.c:103 0x2f6f0999 24
1 symtablelist.c:108 0x2f6f09c9 3
1 testsymtable.c:797 0x2f6f09e9 3
1 symtablelist.c:103 0x2f6f0a09 24
1 symtablelist.c:108 0x2f6f0a39 3
1 testsymtable.c:797 0x2f6f0a59 3
1 symtablelist.c:103 0x2f6f0a79 24
1 symtablelist.c:108 0x2f6f0aa9 3
1 testsymtable.c:797 0x2f6f0ac9 3
1 symtablelist.c:103 0x2f6f0ae9 24
1 symtablelist.c:108 0x2f6f0b19 3
1 testsymtable.c:797 0x2f6f0b39 3
1 symtablelist.c:103 0x2f6f0b59 24
1 symtablelist.c:108 0x2f6f0b89 3
1 testsymtable.c:797 0x2f6f0ba9 3
1 symtablelist.c:103 0x2f6f0bc9 24
1 symtablelist.c:108 0x2f6f0bf9 3
1 testsymtable.c:797 0x2f6f0c19 3
1 symtablelist.c:103 0x2f6f0c39 24
1 symtablelist.c:108 0x2f6f0c69 3
1 testsymtable.c:797 0x2f6f0c89 3
1 symtablelist.c:103 0x2f6f0ca9 24
1 symtablelist.c:108 0x2f6f0cd9 3
1 testsymtable.c:797 0x2f6f0cf9 3
1 symtablelist.c:103 0x2f6f0d19 24
1 symtablelist.c:108 0x2f6f0d49 3
1 testsymtable.c:797 0x2f6f0d69 3
1 symtablelist.c:103 0x2f6f0d89 24
1 symtablelist.c:108 0x2f6f0db9 3
1 testsymtable.c:797 0x2f6f0dd9 3
1 symtablelist.c:103 0x2f6f0df9 24
1 symtablelist.c:108 0x2f6f0e29 3
1 testsymtable.c:797 0x2f6f0e49 3
1 symtablelist.c:103 0x2f6f0e69 24
1 symtablelist.c:108 0x2f6f0e99 3
1 testsymtable.c:797 0x2f6f0eb9 3
1 symtablelist.c:103 0x2f6f0ed9 24
1 symtablelist.c:108 0x2f6f0f09 3
1 testsymtable.c:797 0x2f6f0f29 3
1 symtablelist.c:103 0x2f6f0f49 24
1 symtablelist.c:108 0x2f6f0f79 3
1 testsymtable.c:797 0x2f6f0f99 3
1 symtablelist.c:103 0x2f6f0fb9 24
1 symtablelist.c:108 0x2f6f0fe9 3
1 testsymtable.c:797 0x2f6f1009 3
1 symtablelist.c:103 0x2f6f1029 24
1 symtablelist.c:108 0x2f6f1059 3
1 testsymtable.c:797 0x2f6f1079 3
1 symtablelist.c:103 0x2f6f1099 24
1 symtablelist.c:108 0x2f6f10c9 3
1 testsymtable.c:797 0x2f6f10e9 3
1 symtablelist.c:103 0x2f6f1109 24
1 symtablelist.c:108 0x2f6f1139 3
1 testsymtable.c:797 0x2f6f1159 3
1 symtablelist.c:103 0x2f6f1179 24
1 symtablelist.c:108 0x2f6f11a9 3
1 testsymtable.c:797 0x2f6f11c9 3
1 symtablelist.c:103 0x2f6f11e9 24
1 symtablelist.c:108 0x2f6f1219 3
1 testsymtable.c:797 0x2f6f1239 3
1 symtablelist.c:103 0x2f6f1259 24
1 symtablelist.c:108 0x2f6f1289 3
1 testsymtable.c:797 0x2f6f12a9 3
1 symtablelist.c:103 0x2f6f12c9 24
1 symtablelist.c:108 0x2f6f12f9 3
1 testsymtable.c:797 0x2f6f1319 3
1 symtablelist.c:103 0x2f6f1339 24
1 symtablelist.c:108 0x2f6f1369 3
1 testsymtable.c:797 0x2f6f1389 3
1 symtablelist.c:103 0x2f6f13a9 24
1 symtablelist.c:108 0x2f6f13d9 3
1 testsymtable.c:797 0x2f6f13f9 3
1 symtablelist.c:103 0x2f6f1419 24
1 symtablelist.c:108 0x2f6f1449 3
1 testsymtable.c:797 0x2f6f1469 3
1 symtablelist.c:103 0x2f6f1489 24
1 symtablelist.c:108 0x2f6f14b9 3
1 testsymtable.c:797 0x2f6f14d9 3
1 symtablelist.c:103 0x2f6f14f9 24
1 symtablelist.c:108 0x2f6f1529 3
1 testsymtable.c:797 0x2f6f1549 3
1 symtablelist.c:103 0x2f6f1569 24
1 symtablelist.c:108 0x2f6f1599 3
1 testsymtable.c:797 0x2f6f15b9 3
1 symtablelist.c:103 0x2f6f15d9 24
1 symtablelist.c:108 0x2f6f1609 3
1 testsymtable.c:797 0x2f6f1629 3
1 symtablelist.c:103 0x2f6f1649 24
1 symtablelist.c:108 0x2f6f1679 3
1 testsymtable.c:797 0x2f6f1699 3
1 symtablelist.c:103 0x2f6f16b9 24
1 symtablelist.c:108 0x2f6f16e9 3
1 testsymtable.c:797 0x2f6f1709 3
1 symtablelist.c:103 0x2f6f1729 24
1 symtablelist.c:108 0x2f6f1759 3
1 testsymtable.c:797 0x2f6f1779 3
1 symtablelist.c:103 0x2f6f1799 24
1 symtablelist.c:108 0x2f6f17c9 3
1 testsymtable.c:797 0x2f6f17e9 3
1 symtablelist.c:103 0x2f6f1809 24
1 symtablelist.c:108 0x2f6f1839 3
1 testsymtable.c:797 0x2f6f1859 3
1 symtablelist.c:103 0x2f6f1879 24
1 symtablelist.c:108 0x2f6f18a9 3
1 testsymtable.c:797 0x2f6f18c9 3
1 symtablelist.c:103 0x2f6f18e9 24
1 symtablelist.c:108 0x2f6f1919 3
1 testsymtable.c:797 0x2f6f1939 3
1 symtablelist.c:103 0x2f6f1959 24
1 symtablelist.c:108 0x2f6f1989 3
1 testsymtable.c:797 0x2f6f19a9 3
1 symtablelist.c:103 0x2f6f19c9 24
1 symtablelist.c:108 0x2f6f19f9 3
1 testsymtable.c:797 0x2f6f1a19 3
1 symtablelist.c:103 0x2f6f1a39 24
1 symtablelist.c:108 0x2f6f1a69 3
1 testsymtable.c:797 0x2f6f1a89 3
1 symtablelist.c:103 0x2f6f1aa9 24
1 symtablelist.c:108 0x2f6f1ad9 3
1 testsymtable.c:797 0x2f6f1af9 3
1 symtablelist.c:103 0x2f6f1b19 24
1 symtablelist.c:108 0x2f6f1b49 3
1 testsymtable.c:797 0x2f6f1b69 3
1 symtablelist.c:103 0x2f6f1b89 24
1 symtablelist.c:108 0x2f6f1bb9 3
1 testsymtable.c:797 0x2f6f1bd9 3
1 symtablelist.c:103 0x2f6f1bf9 24
1 symtablelist.c:108 0x2f6f1c29 3
1 testsymtable.c:797 0x2f6f1c49 3
1 symtablelist.c:103 0x2f6f1c69 24
1 symtablelist.c:108 0x2f6f1c99 3
1 testsymtable.c:797 0x2f6f1cb9 3
1 symtablelist.c:103 0x2f6f1cd9 24
1 symtablelist.c:108 0x2f6f1d09 3
1 testsymtable.c:797 0x2f6f1d29 3
1 symtablelist.c:103 0x2f6f1d49 24
1 symtablelist.c:108 0x2f6f1d79 3
1 testsymtable.c:797 0x2f6f1d99 3
1 symtablelist.c:103 0x2f6f1db9 24
1 symtablelist.c:108 0x2f6f1de9 3
1 testsymtable.c:797 0x2f6f1e09 3
1 symtablelist.c:103 0x2f6f1e29 24
1 symtablelist.c:108 0x2f6f1e59 3
1 testsymtable.c:797 0x2f6f1e79 3
1 symtablelist.c:103 0x2f6f1e99 24
1 symtablelist.c:108 0x2f6f1ec9 3
1 testsymtable.c:797 0x2f6f1ee9 3
1 symtablelist.c:103 0x2f6f1f09 24
1 symtablelist.c:108 0x2f6f1f39 3
1 testsymtable.c:797 0x2f6f1f59 3
1 symtablelist.c:103 0x2f6f1f79 24
1 symtablelist.c:108 0x2f6f1fa9 3
1 testsymtable.c:797 0x2f6f1fc9 3
1 symtablelist.c:103 0x2f6f1fe9 24
1 symtablelist.c:108 0x2f6f2019 3
1 testsymtable.c:797 0x2f6f2039 3
1 symtablelist.c:103 0x2f6f2059 24
1 symtablelist.c:108 0x2f6f2089 3
1 testsymtable.c:797 0x2f6f20a9 3
1 symtablelist.c:103 0x2f6f20c9 24
1 symtablelist.c:108 0x2f6f20f9 3
1 testsymtable.c:797 0x2f6f2119 3
1 symtablelist.c:103 0x2f6f2139 24
1 symtablelist.c:108 0x2f6f2169 3
1 testsymtable.c:797 0x2f6f2189 3
1 symtablelist.c:103 0x2f6f21a9 24
1 symtablelist.c:108 0x2f6f21d9 3
1 testsymtable.c:797 0x2f6f21f9 3
1 symtablelist.c:103 0x2f6f2219 24
1 symtablelist.c:108 0x2f6f2249 3
1 testsymtable.c:797 0x2f6f2269 3
1 symtablelist.c:103 0x2f6f2289 24
1 symtablelist.c:108 0x2f6f22b9 3
1 testsymtable.c:797 0x2f6f22d9 3
1 symtablelist.c:103 0x2f6f22f9 24
1 symtablelist.c:108 0x2f6f2329 3
1 testsymtable.c:797 0x2f6f2349 3
1 symtablelist.c:103 0x2f6f2369 24
1 symtablelist.c:108 0x2f6f2399 3
1 testsymtable.c:797 0x2f6f23b9 3
1 symtablelist.c:103 0x2f6f23d9 24
1 symtablelist.c:108 0x2f6f2409 3
1 testsymtable.c:797 0x2f6f2429 3
1 symtablelist.c:103 0x2f6f2449 24
1 symtablelist.c:108 0x2f6f2479 3
1 testsymtable.c:797 0x2f6f2499 3
1 symtablelist.c:103 0x2f6f24b9 24
1 symtablelist.c:108 0x2f6f24e9 3
1 testsymtable.c:797 0x2f6f2509 3
1 symtablelist.c:103 0x2f6f2529 24
1 symtablelist.c:108 0x2f6f2559 3
1 testsymtable.c:797 0x2f6f2579 3
1 symtablelist.c:103 0x2f6f2599 24
1 symtablelist.c:108 0x2f6f25c9 3
1 testsymtable.c:797 0x2f6f25e9 3
1 symtablelist.c:103 0x2f6f2609 24
1 symtablelist.c:108 0x2f6f2639 3
1 testsymtable.c:797 0x2f6f2659 3
1 symtablelist.c:103 0x2f6f2679 24
1 symtablelist.c:108 0x2f6f26a9 3
1 testsymtable.c:797 0x2f6f26c9 3
1 symtablelist.c:103 0x2f6f26e9 24
1 symtablelist.c:108 0x2f6f2719 3
1 testsymtable.c:797 0x2f6f2739 3
1 symtablelist.c:103 0x2f6f2759 24
1 symtablelist.c:108 0x2f6f2789 3
1 testsymtable.c:797 0x2f6f27a9 3
1 symtablelist.c:103 0x2f6f27c9 24
1 symtablelist.c:108 0x2f6f27f9 3
1 testsymtable.c:797 0x2f6f2819 3
1 symtablelist.c:103 0x2f6f2839 24
1 symtablelist.c:108 0x2f6f2869 3
1 testsymtable.c:797 0x2f6f2889 3
1 symtablelist.c:103 0x2f6f28a9 24
1 symtablelist.c:108 0x2f6f28d9 3
1 testsymtable.c:797 0x2f6f28f9 3
1 symtablelist.c:103 0x2f6f2919 24
1 symtablelist.c:108 0x2f6f2949 3
1 testsymtable.c:797 0x2f6f2969 3
1 symtablelist.c:103 0x2f6f2989 24
1 symtablelist.c:108 0x2f6f29b9 3
4 symtablelist.c:233 0x2f6f0429 2
4 symtablelist.c:234 0x2f6f02a9 24
4 testsymtable.c:844 0x2f6f03b9 2
4 symtablelist.c:233 0x2f6f29b9 3
4 symtablelist.c:234 0x2f6f2989 24
4 testsymtable.c:854 0x2f6f2969 3
4 symtablelist.c:233 0x2f6f0449 2
4 symtablelist.c:234 0x2f6f0019 24
4 testsymtable.c:844 0x2f6f0289 2
4 symtablelist.c:233 0x2f6f2949 3
4 symtablelist.c:234 0x2f6f2919 24
4 testsymtable.c:854 0x2f6f28f9 3
4 symtablelist.c:233 0x2f6f0489 2
4 symtablelist.c:234 0x2f6f0309 24
4 testsymtable.c:844 0x2f6f0469 2
4 symtablelist.c:233 0x2f6f28d9 3
4 symtablelist.c:234 0x2f6f28a9 24
4 testsymtable.c:854 0x2f6f2889 3
4 symtablelist.c:233 0x2f6f04f9 2
4 symtablelist.c:234 0x2f6f04c9 24
4 testsymtable.c:844 0x2f6f04a9 2
4 symtablelist.c:233 0x2f6f2869 3
4 symtablelist.c:234 0x2f6f2839 24
4 testsymtable.c:854 0x2f6f2819 3
4 symtablelist.c:233 0x2f6f0569 2
4 symtablelist.c:234 0x2f6f0539 24
4 testsymtable.c:844 0x2f6f0519 2
4 symtablelist.c:233 0x2f6f27f9 3
4 symtablelist.c:234 0x2f6f27c9 24
4 testsymtable.c:854 0x2f6f27a9 3
4 symtablelist.c:233 0x2f6f05d9 2
4 symtablelist.c:234 0x2f6f05a9 24
4 testsymtable.c:844 0x2f6f0589 2
4 symtablelist.c:233 0x2f6f2789 3
4 symtablelist.c:234 0x2f6f2759 24
4 testsymtable.c:854 0x2f6f2739 3
4 symtablelist.c:233 0x2f6f0649 2
4 symtablelist.c:234 0x2f6f0619 24
4 testsymtable.c:844 0x2f6f05f9 2
4 symtablelist.c:233 0x2f6f2719 3
4 symtablelist.c:234 0x2f6f26e9 24
4 testsymtable.c:854 0x2f6f26c9 3
4 symtablelist.c:233 0x2f6f06b9 2
4 symtablelist.c:234 0x2f6f0689 24
4 testsymtable.c:844 0x2f6f0669 2
4 symtablelist.c:233 0x2f6f26a9 3
4 symtablelist.c:234 0x2f6f2679 24
4 testsymtable.c:854 0x2f6f2659 3
4 symtablelist.c:233 0x2f6f0729 2
4 symtablelist.c:234 0x2f6f06f9 24
4 testsymtable.c:844 0x2f6f06d9 2
4 symtablelist.c:233 0x2f6f2639 3
4 symtablelist.c:234 0x2f6f2609 24
4 testsymtable.c:854 0x2f6f25e9 3
4 symtablelist.c:233 0x2f6f0799 2
4 symtablelist.c:234 0x2f6f0769 24
4 testsymtable.c:844 0x2f6f0749 2
4 symtablelist.c:233 0x2f6f25c9 3
4 symtablelist.c:234 0x2f6f2599 24
4 testsymtable.c:854 0x2f6f2579 3
4 symtablelist.c:233 0x2f6f0809 3
4 symtablelist.c:234 0x2f6f07d9 24
4 testsymtable.c:844 0x2f6f07b9 3
4 symtablelist.c:233 0x2f6f2559 3
4 symtablelist.c:234 0x2f6f2529 24
4 testsymtable.c:854 0x2f6f2509 3
4 symtablelist.c:233 0x2f6f0879 3
4 symtablelist.c:234 0x2f6f0849 24
4 testsymtable.c:844 0x2f6f0829 3
4 symtablelist.c:233 0x2f6f24e9 3
4 symtablelist.c:234 0x2f6f24b9 24
4 testsymtable.c:854 0x2f6f2499 3
4 symtablelist.c:233 0x2f6f08e9 3
4 symtablelist.c:234 0x2f6f08b9 24
4 testsymtable.c:844 0x2f6f0899 3
4 symtablelist.c:233 0x2f6f2479 3
4 symtablelist.c:234 0x2f6f2449 24
4 testsymtable.c:854 0x2f6f2429 3
4 symtablelist.c:233 0x2f6f0959 3
4 symtablelist.c:234 0x2f6f0929 24
4 testsymtable.c:844 0x2f6f0909 3
4 symtablelist.c:233 0x2f6f2409 3
4 symtablelist.c:234 0x2f6f23d9 24
4 testsymtable.c:854 0x2f6f23b9 3
4 symtablelist.c:233 0x2f6f09c9 3
4 symtablelist.c:234 0x2f6f0999 24
4 testsymtable.c:844 0x2f6f0979 3
4 symtablelist.c:233 0x2f6f2399 3
4 symtablelist.c:234 0x2f6f2369 24
4 testsymtable.c:854 0x2f6f2349 3
4 symtablelist.c:233 0x2f6f0a39 3
4 symtablelist.c:234 0x2f6f0a09 24
4 testsymtable.c:844 0x2f6f09e9 3
4 symtablelist.c:233 0x2f6f2329 3
4 symtablelist.c:234 0x2f6f22f9 24
4 testsymtable.c:854 0x2f6f22d9 3
4 symtablelist.c:233 0x2f6f0aa9 3
4 symtablelist.c:234 0x2f6f0a79 24
4 testsymtable.c:844 0x2f6f0a59 3
4 symtablelist.c:233 0x2f6f22b9 3
4 symtablelist.c:234 0x2f6f2289 24
4 testsymtable.c:854 0x2f6f2269 3
4 symtablelist.c:233 0x2f6f0b19 3
4 symtablelist.c:234 0x2f6f0ae9 24
4 testsymtable.c:844 0x2f6f0ac9 3
4 symtablelist.c:233 0x2f6f2249 3
4 symtablelist.c:234 0x2f6f2219 24
4 testsymtable.c:854 0x2f6f21f9 3
4 symtablelist.c:233 0x2f6f0b89 3
4 symtablelist.c:234 0x2f6f0b59 24
4 testsymtable.c:844 0x2f6f0b39 3
4 symtablelist.c:233 0x2f6f21d9 3
4 symtablelist.c:234 0x2f6f21a9 24
4 testsymtable.c:854 0x2f6f2189 3
4 symtablelist.c:233 0x2f6f0bf9 3
4 symtablelist.c:234 0x2f6f0bc9 24
4 testsymtable.c:844 0x2f6f0ba9 3
4 symtablelist.c:233 0x2f6f2169 3
4 symtablelist.c:234 0x2f6f2139 24
4 testsymtable.c:854 0x2f6f2119 3
4 symtablelist.c:233 0x2f6f0c69 3
4 symtablelist.c:234 0x2f6f0c39 24
4 testsymtable.c:844 0x2f6f0c19 3
4 symtablelist.c:233 0x2f6f20f9 3
4 symtablelist.c:234 0x2f6f20c9 24
4 testsymtable.c:854 0x2f6f20a9 3
4 symtablelist.c:233 0x2f6f0cd9 3
4 symtablelist.c:234 0x2f6f0ca9 24
4 testsymtable.c:844 0x2f6f0c89 3
4 symtablelist.c:233 0x2f6f2089 3
4 symtablelist.c:234 0x2f6f2059 24
4 testsymtable.c:854 0x2f6f2039 3
4 symtablelist.c:233 0x2f6f0d49 3
4 symtablelist.c:234 0x2f6f0d19 24
4 testsymtable.c:844 0x2f6f0cf9 3
4 symtablelist.c:233 0x2f6f2019 3
4 symtablelist.c:234 0x2f6f1fe9 24
4 testsymtable.c:854 0x2f6f1fc9 3
4 symtablelist.c:233 0x2f6f0db9 3
4 symtablelist.c:234 0x2f6f0d89 24
4 testsymtable.c:844 0x2f6f0d69 3
4 symtablelist.c:233 0x2f6f1fa9 3
4 symtablelist.c:234 0x2f6f1f79 24
4 testsymtable.c:854 0x2f6f1f59 3
4 symtablelist.c:233 0x2f6f0e29 3
4 symtablelist.c:234 0x2f6f0df9 24
4 testsymtable.c:844 0x2f6f0dd9 3
4 symtablelist.c:233 0x2f6f1f39 3
4 symtablelist.c:234 0x2f6f1f09 24
4 testsymtable.c:854 0x2f6f1ee9 3
4 symtablelist.c:233 0x2f6f0e99 3
4 symtablelist.c:234 0x2f6f0e69 24
4 testsymtable.c:844 0x2f6f0e49 3
4 symtablelist.c:233 0x2f6f1ec9 3
4 symtablelist.c:234 0x2f6f1e99 24
4 testsymtable.c:854 0x2f6f1e79 3
4 symtablelist.c:233 0x2f6f0f09 3
4 symtablelist.c:234 0x2f6f0ed9 24
4 testsymtable.c:844 0x2f6f0eb9 3
4 symtablelist.c:233 0x2f6f1e59 3
4 symtablelist.c:234 0x2f6f1e29 24
4 testsymtable.c:854 0x2f6f1e09 3
4 symtablelist.c:233 0x2f6f0f79 3
4 symtablelist.c:234 0x2f6f0f49 24
4 testsymtable.c:844 0x2f6f0f29 3
4 symtablelist.c:233 0x2f6f1de9 3
4 symtablelist.c:234 0x2f6f1db9 24
4 testsymtable.c:854 0x2f6f1d99 3
4 symtablelist.c:233 0x2f6f0fe9 3
4 symtablelist.c:234 0x2f6f0fb9 24
4 testsymtable.c:844 0x2f6f0f99 3
4 symtablelist.c:233 0x2f6f1d79 3
4 symtablelist.c:234 0x2f6f1d49 24
4 testsymtable.c:854 0x2f6f1d29 3
4 symtablelist.c:233 0x2f6f1059 3
4 symtablelist.c:234 0x2f6f1029 24
4 testsymtable.c:844 0x2f6f1009 3
4 symtablelist.c:233 0x2f6f1d09 3
4 symtablelist.c:234 0x2f6f1cd9 24
4 testsymtable.c:854 0x2f6f1cb9 3
4 symtablelist.c:233 0x2f6f10c9 3
4 symtablelist.c:234 0x2f6f1099 24
4 testsymtable.c:844 0x2f6f1079 3
4 symtablelist.c:233 0x2f6f1c99 3
4 symtablelist.c:234 0x2f6f1c69 24
4 testsymtable.c:854 0x2f6f1c49 3
4 symtablelist.c:233 0x2f6f1139 3
4 symtablelist.c:234 0x2f6f1109 24
4 testsymtable.c:844 0x2f6f10e9 3
4 symtablelist.c:233 0x2f6f1c29 3
4 symtablelist.c:234 0x2f6f1bf9 24
4 testsymtable.c:854 0x2f6f1bd9 3
4 symtablelist.c:233 0x2f6f11a9 3
4 symtablelist.c:234 0x2f6f1179 24
4 testsymtable.c:844 0x2f6f1159 3
4 symtablelist.c:233 0x2f6f1bb9 3
4 symtablelist.c:234 0x2f6f1b89 24
4 testsymtable.c:854 0x2f6f1b69 3
4 symtablelist.c:233 0x2f6f1219 3
4 symtablelist.c:234 0x2f6f11e9 24
4 testsymtable.c:844 0x2f6f11c9 3
4 symtablelist.c:233 0x2f6f1b49 3
4 symtablelist.c:234 0x2f6f1b19 24
4 testsymtable.c:854 0x2f6f1af9 3
4 symtablelist.c:233 0x2f6f1289 3
4 symtablelist.c:234 0x2f6f1259 24
4 testsymtable.c:844 0x2f6f1239 3
4 symtablelist.c:233 0x2f6f1ad9 3
4 symtablelist.c:234 0x2f6f1aa9 24
4 testsymtable.c:854 0x2f6f1a89 3
4 symtablelist.c:233 0x2f6f12f9 3
4 symtablelist.c:234 0x2f6f12c9 24
4 testsymtable.c:844 0x2f6f12a9 3
4 symtablelist.c:233 0x2f6f1a69 3
4 symtablelist.c:234 0x2f6f1a39 24
4 testsymtable.c:854 0x2f6f1a19 3
4 symtablelist.c:233 0x2f6f1369 3
4 symtablelist.c:234 0x2f6f1339 24
4 testsymtable.c:844 0x2f6f1319 3
4 symtablelist.c:233 0x2f6f19f9 3
4 symtablelist.c:234 0x2f6f19c9 24
4 testsymtable.c:854 0x2f6f19a9 3
4 symtablelist.c:233 0x2f6f13d9 3
4 symtablelist.c:234 0x2f6f13a9 24
4 testsymtable.c:844 0x2f6f1389 3
4 symtablelist.c:233 0x2f6f1989 3
4 symtablelist.c:234 0x2f6f1959 24
4 testsymtable.c:854 0x2f6f1939 3
4 symtablelist.c:233 0x2f6f1449 3
4 symtablelist.c:234 0x2f6f1419 24
4 testsymtable.c:844 0x2f6f13f9 3
4 symtablelist.c:233 0x2f6f1919 3
4 symtablelist.c:234 0x2f6f18e9 24
4 testsymtable.c:854 0x2f6f18c9 3
4 symtablelist.c:233 0x2f6f14b9 3
4 symtablelist.c:234 0x2f6f1489 24
4 testsymtable.c:844 0x2f6f1469 3
4 symtablelist.c:233 0x2f6f18a9 3
4 symtablelist.c:234 0x2f6f1879 24
4 testsymtable.c:854 0x2f6f1859 3
4 symtablelist.c:233 0x2f6f1529 3
4 symtablelist.c:234 0x2f6f14f9 24
4 testsymtable.c:844 0x2f6f14d9 3
4 symtablelist.c:233 0x2f6f1839 3
4 symtablelist.c:234 0x2f6f1809 24
4 testsymtable.c:854 0x2f6f17e9 3
4 symtablelist.c:233 0x2f6f1599 3
4 symtablelist.c:234 0x2f6f1569 24
4 testsymtable.c:844 0x2f6f1549 3
4 symtablelist.c:233 0x2f6f17c9 3
4 symtablelist.c:234 0x2f6f1799 24
4 testsymtable.c:854 0x2f6f1779 3
4 symtablelist.c:233 0x2f6f1609 3
4 symtablelist.c:234 0x2f6f15d9 24
4 testsymtable.c:844 0x2f6f15b9 3
4 symtablelist.c:233 0x2f6f1759 3
4 symtablelist.c:234 0x2f6f1729 24
4 testsymtable.c:854 0x2f6f1709 3
4 symtablelist.c:233 0x2f6f1679 3
4 symtablelist.c:234 0x2f6f1649 24
4 testsymtable.c:844 0x2f6f1629 3
4 symtablelist.c:233 0x2f6f16e9 3
4 symtablelist.c:234 0x2f6f16b9 24
4 testsymtable.c:854 0x2f6f1699 3
4 symtablelist.c:77 0x2f6f0389 16
4 symtablelist.c:73 0x2f6f0339 4
4 symtablelist.c:74 0x2f6f02d9 24
4 symtablelist.c:73 0x2f6f0409 4
4 symtablelist.c:74 0x2f6f03d9 24
4 symtablelist.c:77 0x2f6f0359 16
